<?xml version="1.0" encoding="UTF-8"?>
<!-- Generated by org.testng.reporters.JUnitReportReporter -->
<testsuite skipped="0" hostname="DESKTOP-6D3FG3E" name="com.qa.testcases.ContorionPageTest" tests="6" failures="0" timestamp="2021-05-14T09:28:45 CEST" time="27.755" errors="0">
  <testcase name="launchURL" time="6.092" classname="com.qa.testcases.ContorionPageTest"/>
  <system-out/>
  <testcase name="loginIntoContorionPortal" time="6.239" classname="com.qa.testcases.ContorionPageTest"/>
  <system-out/>
  <testcase name="selectFirstProduct" time="6.030" classname="com.qa.testcases.ContorionPageTest"/>
  <system-out/>
  <testcase name="addProductToCart" time="4.294" classname="com.qa.testcases.ContorionPageTest"/>
  <system-out/>
  <testcase name="verifyItemsInCart" time="2.753" classname="com.qa.testcases.ContorionPageTest"/>
  <system-out/>
  <testcase name="enterBillingAddressToProceedForPayment" time="2.347" classname="com.qa.testcases.ContorionPageTest"/>
  <system-out/>
</testsuite> <!-- com.qa.testcases.ContorionPageTest -->
